This file contains any messages produced by compilers while
running configure, to aid debugging if configure makes a mistake.

It was created by hypre configure 2.10.0b, which was
generated by GNU Autoconf 2.63.  Invocation command line was

  $ ./configure --disable-fortran

## --------- ##
## Platform. ##
## --------- ##

hostname = rzmanta23
uname -m = ppc64le
uname -r = 3.10.0-514.26.2.2chaos.ch6_1.ppc64le
uname -s = Linux
uname -v = #1 SMP Tue Oct 3 16:16:08 PDT 2017

/usr/bin/uname -p = ppc64le
/bin/uname -X     = unknown

/bin/arch              = ppc64le
/usr/bin/arch -k       = unknown
/usr/convex/getsysinfo = unknown
/usr/bin/hostinfo      = unknown
/bin/machine           = unknown
/usr/bin/oslevel       = unknown
/bin/universe          = unknown

PATH: /usr/tce/packages/spectrum-mpi/spectrum-mpi-2017.04.03-clang-coral-2017.10.13/bin
PATH: /usr/tce/packages/clang/clang-coral-2017.10.13/bin
PATH: /usr/tcetmp/packages/cmake/cmake-3.9.2/bin
PATH: /usr/tcetmp/bin
PATH: /usr/lib64/qt-3.3/bin
PATH: /opt/ibm/spectrumcomputing/lsf/10.1/linux3.10-glibc2.17-ppc64le/etc
PATH: /opt/ibm/spectrumcomputing/lsf/10.1/linux3.10-glibc2.17-ppc64le/bin
PATH: /usr/local/bin
PATH: /usr/bin
PATH: /usr/local/sbin
PATH: /usr/sbin
PATH: /opt/ibm/flightlog/bin
PATH: /opt/ibutils/bin
PATH: .
PATH: .


## ----------- ##
## Core tests. ##
## ----------- ##

configure:2094: checking build system type
configure:2112: result: powerpc64le-unknown-linux-gnu
configure:2138: checking host system type
configure:2153: result: powerpc64le-unknown-linux-gnu
configure:3065: checking for mpxlc
configure:3095: result: no
configure:3065: checking for mpixlc
configure:3081: found /usr/tcetmp/bin/mpixlc
configure:3092: result: mpixlc
configure:3254: checking for mpxlC
configure:3284: result: no
configure:3254: checking for mpixlcxx
configure:3284: result: no
configure:3254: checking for mpiicpc
configure:3284: result: no
configure:3254: checking for mpiCC
configure:3270: found /usr/tce/packages/spectrum-mpi/spectrum-mpi-2017.04.03-clang-coral-2017.10.13/bin/mpiCC
configure:3281: result: mpiCC
configure:3490: checking whether make sets $(MAKE)
configure:3512: result: yes
configure:3564: checking for ranlib
configure:3580: found /usr/bin/ranlib
configure:3591: result: ranlib
configure:3923: checking for C compiler version
configure:3931: mpixlc --version >&5
IBM XL C/C++ for Linux, V13.1.6 (Beta 13)
Version: 13.01.0006.0000
The license for the ESP version of IBM XL C/C++ for Linux, V13.1.6 (Beta) compiler product will expire in 364 days on Wed Oct 31 22:00:00 2018.
configure:3935: $? = 0
configure:3942: mpixlc -v >&5
spectrum-mpi-wrapper executing after fixup:
+ export OMPI_CC=/usr/tce/packages/xl/xl-beta-2017.10.13/bin/xlc_r
+ exec /usr/tce/packages/spectrum-mpi/ibm/spectrum-mpi-2017.04.03/bin/mpicc -v -Wl,-rpath,/usr/tce/packages/spectrum-mpi/ibm/spectrum-mpi-2017.04.03/lib
xl-wrapper executing after fixup:
+ exec /usr/tce/packages/xl/xl-beta-2017.10.13/xlC/13.1.6/bin/xlc_r -F/usr/tce/packages/xl/xl-beta-2017.10.13/xlC/13.1.6/etc/xlc.cfg.rhel.7.3.gcc.4.9.3.cuda.9.0 -v -Wl,-rpath,/usr/tce/packages/spectrum-mpi/ibm/spectrum-mpi-2017.04.03/lib
/usr/tce/packages/xl/xl-beta-2017.10.13/xlC/13.1.6/bin/.orig/xlc_r: error: 1501-294 No input file specified. Please use -qhelp for more information.
exec: export(export,XL_CONFIG=/usr/tce/packages/xl/xl-beta-2017.10.13/xlC/13.1.6/etc/xlc.cfg.rhel.7.3.gcc.4.9.3.cuda.9.0:xlc_r,NULL) 
unlink: /var/tmp/holger/xlcW0kNVRoo
unlink: /var/tmp/holger/xlcW1iNk16c
unlink: /var/tmp/holger/xlcW2vSQaP1
configure:3946: $? = 249
configure:3953: mpixlc -V >&5
/usr/tce/packages/xl/xl-beta-2017.10.13/xlC/13.1.6/bin/.orig/xlc_r: error: 1501-294 No input file specified. Please use -qhelp for more information.
export XL_CONFIG=/usr/tce/packages/xl/xl-beta-2017.10.13/xlC/13.1.6/etc/xlc.cfg.rhel.7.3.gcc.4.9.3.cuda.9.0:xlc_r 
rm /var/tmp/holger/xlcW03j2jxs
rm /var/tmp/holger/xlcW1GLBshh
rm /var/tmp/holger/xlcW28B7A15
configure:3957: $? = 249
configure:3980: checking for C compiler default output file name
configure:4002: mpixlc    conftest.c  >&5
configure:4006: $? = 0
configure:4044: result: a.out
configure:4063: checking whether the C compiler works
configure:4073: ./a.out
configure:4077: $? = 0
configure:4096: result: yes
configure:4103: checking whether we are cross compiling
configure:4105: result: no
configure:4108: checking for suffix of executables
configure:4115: mpixlc -o conftest    conftest.c  >&5
configure:4119: $? = 0
configure:4145: result: 
configure:4151: checking for suffix of object files
configure:4177: mpixlc -c   conftest.c >&5
configure:4181: $? = 0
configure:4206: result: o
configure:4210: checking whether we are using the GNU C compiler
configure:4239: mpixlc -c   conftest.c >&5
configure:4246: $? = 0
configure:4263: result: yes
configure:4272: checking whether mpixlc accepts -g
configure:4302: mpixlc -c -g  conftest.c >&5
configure:4309: $? = 0
configure:4410: result: yes
configure:4427: checking for mpixlc option to accept ISO C89
configure:4501: mpixlc  -c -g -O2  conftest.c >&5
configure:4508: $? = 0
configure:4531: result: none needed
configure:4665: checking for C++ compiler version
configure:4673: mpiCC --version >&5
clang version 3.8.0 (ibmgithub:/CORAL-LLVM-Compilers/clang.git 0e54ab83a2af641577c9ed93677d69adaee9f8ee) (ibmgithub:/CORAL-LLVM-Compilers/llvm.git 4abed2887b0b7a4973f07311a6ec4669507c5d87)
Target: powerpc64le-unknown-linux-gnu
Thread model: posix
InstalledDir: /usr/tce/packages/clang/clang-coral-2017.10.13/ibm/bin
configure:4677: $? = 0
configure:4684: mpiCC -v >&5
spectrum-mpi-wrapper executing after fixup:
+ export OMPI_CXX=/usr/tce/packages/clang/clang-coral-2017.10.13/bin/clang++
+ exec /usr/tce/packages/spectrum-mpi/ibm/spectrum-mpi-2017.04.03/bin/mpicxx -v -Wl,-rpath,/usr/tce/packages/spectrum-mpi/ibm/spectrum-mpi-2017.04.03/lib
/usr/tce/packages/compiler-wrappers/bin/clang-wrapper executing after fixup:
+ exec /usr/tce/packages/clang/clang-coral-2017.10.13/ibm/bin/clang++ --gcc-toolchain=/usr/tce/packages/gcc/gcc-4.9.3 -v -Wl,-rpath,/usr/tce/packages/spectrum-mpi/ibm/spectrum-mpi-2017.04.03/lib -rpath /usr/tce/packages/clang/clang-coral-2017.10.13/ibm/lib:/usr/tce/packages/gcc/gcc-4.9.3/lib64
clang version 3.8.0 (ibmgithub:/CORAL-LLVM-Compilers/clang.git 0e54ab83a2af641577c9ed93677d69adaee9f8ee) (ibmgithub:/CORAL-LLVM-Compilers/llvm.git 4abed2887b0b7a4973f07311a6ec4669507c5d87)
Target: powerpc64le-unknown-linux-gnu
Thread model: posix
InstalledDir: /usr/tce/packages/clang/clang-coral-2017.10.13/ibm/bin
Found candidate GCC installation: /usr/tce/packages/gcc/gcc-4.9.3/lib64/gcc/powerpc64le-unknown-linux-gnu/4.9.3
Selected GCC installation: /usr/tce/packages/gcc/gcc-4.9.3/lib64/gcc/powerpc64le-unknown-linux-gnu/4.9.3
Candidate multilib: .;@m64
Selected multilib: .;@m64
Found CUDA installation: /usr/local/cuda-8.0, version 8.0
 "/usr/tcetmp/bin/ld" --hash-style=gnu --no-add-needed --eh-frame-hdr -m elf64lppc -dynamic-linker /lib64/ld64.so.2 -o a.out /lib/../lib64/crt1.o /lib/../lib64/crti.o /usr/tce/packages/gcc/gcc-4.9.3/lib64/gcc/powerpc64le-unknown-linux-gnu/4.9.3/crtbegin.o -L/usr/tce/packages/gcc/gcc-4.9.3/lib64/gcc/powerpc64le-unknown-linux-gnu/4.9.3 -L/usr/tce/packages/gcc/gcc-4.9.3/lib64/gcc/powerpc64le-unknown-linux-gnu/4.9.3/../../../../lib64 -L/lib/../lib64 -L/usr/lib/../lib64 -L/usr/tce/packages/gcc/gcc-4.9.3/lib64/gcc/powerpc64le-unknown-linux-gnu/4.9.3/../../.. -L/usr/tce/packages/clang/clang-coral-2017.10.13/ibm/bin/../lib -L/lib -L/usr/lib -rpath /usr/tce/packages/spectrum-mpi/ibm/spectrum-mpi-2017.04.03/lib -rpath /usr/tce/packages/clang/clang-coral-2017.10.13/ibm/lib:/usr/tce/packages/gcc/gcc-4.9.3/lib64 -L/usr/tce/packages/clang/clang-coral-2017.10.13/ibm/lib -L/usr/tce/packages/gcc/gcc-4.9.3/lib64 -lstdc++ -lm -lgcc_s -lgcc -lc -lgcc_s -lgcc /usr/tce/packages/gcc/gcc-4.9.3/lib64/gcc/powerpc64le-unknown-linux-gnu/4.9.3/crtend.o /lib/../lib64/crtn.o
/lib/../lib64/crt1.o:(.rodata+0x8): undefined reference to `main'
clang-3.8: error: linker command failed with exit code 1 (use -v to see invocation)
configure:4688: $? = 1
configure:4695: mpiCC -V >&5
clang-3.8: error: unsupported option '-V -Wl,-rpath,/usr/tce/packages/spectrum-mpi/ibm/spectrum-mpi-2017.04.03/lib'
configure:4699: $? = 1
configure:4702: checking whether we are using the GNU C++ compiler
configure:4731: mpiCC -c   conftest.cpp >&5
configure:4738: $? = 0
configure:4755: result: yes
configure:4764: checking whether mpiCC accepts -g
configure:4794: mpiCC -c -g  conftest.cpp >&5
configure:4801: $? = 0
configure:4902: result: yes
configure:6063: checking for MPI_Init
configure:6127: mpixlc -o conftest -g -O2   conftest.c  >&5
configure:6134: $? = 0
configure:6154: result: yes
configure:6323: checking for mpi.h
configure:6354: mpixlc -c -g -O2  conftest.c >&5
configure:6361: $? = 0
configure:6366: result: yes
configure:6400: checking for MPI_Comm_f2c
configure:6464: mpixlc -o conftest -g -O2   conftest.c    >&5
configure:6471: $? = 0
configure:6493: result: yes
configure:6510: checking how to run the C preprocessor
configure:6550: mpixlc -E  conftest.c
configure:6557: $? = 0
configure:6588: mpixlc -E  conftest.c
conftest.c:19:10: fatal error: 'ac_nonexistent.h' file not found
#include <ac_nonexistent.h>
         ^~~~~~~~~~~~~~~~~~
configure:6595: $? = 1
configure: failed program was:
| /* confdefs.h.  */
| #define PACKAGE_NAME "hypre"
| #define PACKAGE_TARNAME "hypre"
| #define PACKAGE_VERSION "2.10.0b"
| #define PACKAGE_STRING "hypre 2.10.0b"
| #define PACKAGE_BUGREPORT ""
| #define HYPRE_RELEASE_NAME "hypre"
| #define HYPRE_RELEASE_VERSION "2.10.0b"
| #define HYPRE_RELEASE_DATE "2015/01/22"
| #define HYPRE_RELEASE_TIME "00:00:00"
| #define HYPRE_RELEASE_BUGS "hypre-support@llnl.gov"
| #define HYPRE_MAXDIM 3
| #define HYPRE_FMANGLE 0
| #define HYPRE_FMANGLE_BLAS 0
| #define HYPRE_FMANGLE_LAPACK 0
| #define HYPRE_HAVE_MPI 1
| #define HAVE_MPI_COMM_F2C 1
| /* end confdefs.h.  */
| #include <ac_nonexistent.h>
configure:6628: result: mpixlc -E
configure:6657: mpixlc -E  conftest.c
configure:6664: $? = 0
configure:6695: mpixlc -E  conftest.c
conftest.c:19:10: fatal error: 'ac_nonexistent.h' file not found
#include <ac_nonexistent.h>
         ^~~~~~~~~~~~~~~~~~
configure:6702: $? = 1
configure: failed program was:
| /* confdefs.h.  */
| #define PACKAGE_NAME "hypre"
| #define PACKAGE_TARNAME "hypre"
| #define PACKAGE_VERSION "2.10.0b"
| #define PACKAGE_STRING "hypre 2.10.0b"
| #define PACKAGE_BUGREPORT ""
| #define HYPRE_RELEASE_NAME "hypre"
| #define HYPRE_RELEASE_VERSION "2.10.0b"
| #define HYPRE_RELEASE_DATE "2015/01/22"
| #define HYPRE_RELEASE_TIME "00:00:00"
| #define HYPRE_RELEASE_BUGS "hypre-support@llnl.gov"
| #define HYPRE_MAXDIM 3
| #define HYPRE_FMANGLE 0
| #define HYPRE_FMANGLE_BLAS 0
| #define HYPRE_FMANGLE_LAPACK 0
| #define HYPRE_HAVE_MPI 1
| #define HAVE_MPI_COMM_F2C 1
| /* end confdefs.h.  */
| #include <ac_nonexistent.h>
configure:6742: checking for grep that handles long lines and -e
configure:6802: result: /usr/bin/grep
configure:6807: checking for egrep
configure:6871: result: /usr/bin/grep -E
configure:6876: checking whether MPI_Comm_f2c is a macro
configure:6902: result: no
configure:7451: checking for __gxx_personality_v0 in -lstdc++
configure:7494: mpixlc -o conftest -g -O2   conftest.c -lstdc++     >&5
configure:7501: $? = 0
configure:7522: result: yes
configure:7829: checking for cabs in -lm
configure:7872: mpixlc -o conftest -O2   conftest.c -lm     -lstdc++ >&5
conftest.c:30:6: warning: incompatible redeclaration of library function 'cabs' [-Wincompatible-library-redeclaration]
char cabs ();
     ^
conftest.c:30:6: note: 'cabs' is a builtin with type 'double (_Complex double)'
1 warning generated.
configure:7879: $? = 0
configure:7900: result: yes
configure:7915: checking the hostname
configure:7926: result: rzmanta23
configure:7930: checking the architecture
configure:7961: result: LINUX
configure:8202: creating ./config.status

## ---------------------- ##
## Running config.status. ##
## ---------------------- ##

This file was extended by hypre config.status 2.10.0b, which was
generated by GNU Autoconf 2.63.  Invocation command line was

  CONFIG_FILES    = 
  CONFIG_HEADERS  = 
  CONFIG_LINKS    = 
  CONFIG_COMMANDS = 
  $ ./config.status 

on rzmanta23

config.status:792: creating config/Makefile.config
config.status:792: creating HYPRE_config.h

## ---------------- ##
## Cache variables. ##
## ---------------- ##

ac_cv_build=powerpc64le-unknown-linux-gnu
ac_cv_c_compiler_gnu=yes
ac_cv_cxx_compiler_gnu=yes
ac_cv_env_CCC_set=
ac_cv_env_CCC_value=
ac_cv_env_CC_set=
ac_cv_env_CC_value=
ac_cv_env_CFLAGS_set=
ac_cv_env_CFLAGS_value=
ac_cv_env_CPPFLAGS_set=
ac_cv_env_CPPFLAGS_value=
ac_cv_env_CPP_set=
ac_cv_env_CPP_value=
ac_cv_env_CXXFLAGS_set=
ac_cv_env_CXXFLAGS_value=
ac_cv_env_CXX_set=
ac_cv_env_CXX_value=
ac_cv_env_F77_set=
ac_cv_env_F77_value=
ac_cv_env_FFLAGS_set=
ac_cv_env_FFLAGS_value=
ac_cv_env_LDFLAGS_set=
ac_cv_env_LDFLAGS_value=
ac_cv_env_LIBS_set=
ac_cv_env_LIBS_value=
ac_cv_env_build_alias_set=
ac_cv_env_build_alias_value=
ac_cv_env_host_alias_set=
ac_cv_env_host_alias_value=
ac_cv_env_target_alias_set=
ac_cv_env_target_alias_value=
ac_cv_func_MPI_Comm_f2c=yes
ac_cv_func_MPI_Init=yes
ac_cv_host=powerpc64le-unknown-linux-gnu
ac_cv_lib_m_cabs=yes
ac_cv_lib_stdcpp___gxx_personality_v0=yes
ac_cv_objext=o
ac_cv_path_EGREP='/usr/bin/grep -E'
ac_cv_path_GREP=/usr/bin/grep
ac_cv_prog_CC=mpixlc
ac_cv_prog_CPP='mpixlc -E'
ac_cv_prog_CXX=mpiCC
ac_cv_prog_ac_ct_RANLIB=ranlib
ac_cv_prog_cc_c89=
ac_cv_prog_cc_g=yes
ac_cv_prog_cxx_g=yes
ac_cv_prog_make_make_set=yes
hypre_cv_func_MPI_Comm_f2c_macro=no

## ----------------- ##
## Output variables. ##
## ----------------- ##

AR='ar -rcu'
BABELDIR=''
BLASLIBDIRS=''
BLASLIBS=''
BUILD_CC_SHARED=''
BUILD_CXX_SHARED=''
BUILD_F77_SHARED=''
BUILD_JAVA='0'
BUILD_PYTHON='0'
CC='mpixlc'
CFLAGS='-O2'
CPP='mpixlc -E'
CPPFLAGS=''
CXX='mpiCC'
CXXFLAGS='-O2'
DEFS='-DHAVE_CONFIG_H'
ECHO_C=''
ECHO_N='-n'
ECHO_T=''
EGREP='/usr/bin/grep -E'
EXAMPLEDIR=''
EXEEXT=''
F77=''
F77FLAGS=''
FFLAGS='-O'
FLIBS=''
GREP='/usr/bin/grep'
HOSTNAME='rzmanta23'
HYPRE_ARCH='LINUX'
HYPRE_BLAS_FILES='/g/g0/holger/workspace/CEED/hypre-2.10.0b/src/blas/*.o'
HYPRE_BLAS_SRC_DIR='/g/g0/holger/workspace/CEED/hypre-2.10.0b/src/blas'
HYPRE_BUGS='hypre-support@llnl.gov'
HYPRE_DATE='2015/01/22'
HYPRE_FEI_BASE_DIR='/g/g0/holger/workspace/CEED/hypre-2.10.0b/src/FEI_mv/fei-base'
HYPRE_FEI_FEMLI_FILES='/g/g0/holger/workspace/CEED/hypre-2.10.0b/src/FEI_mv/femli/*.o'
HYPRE_FEI_HYPRE_FILES='/g/g0/holger/workspace/CEED/hypre-2.10.0b/src/FEI_mv/fei-hypre/*.o'
HYPRE_FEI_SRC_DIR='/g/g0/holger/workspace/CEED/hypre-2.10.0b/src/FEI_mv'
HYPRE_FEI_SUBDIRS='SuperLU femli fei-hypre'
HYPRE_FEI_SUPERLU_FILES='/g/g0/holger/workspace/CEED/hypre-2.10.0b/src/FEI_mv/SuperLU/SRC/*.o'
HYPRE_INCINSTALL='${prefix}/include'
HYPRE_INSTALLDIR='NONE'
HYPRE_LAPACK_FILES='/g/g0/holger/workspace/CEED/hypre-2.10.0b/src/lapack/*.o'
HYPRE_LAPACK_SRC_DIR='/g/g0/holger/workspace/CEED/hypre-2.10.0b/src/lapack'
HYPRE_LIBINSTALL='${exec_prefix}/lib'
HYPRE_LIBSUFFIX='.a'
HYPRE_NAME='hypre'
HYPRE_SRCDIR='/g/g0/holger/workspace/CEED/hypre-2.10.0b/src'
HYPRE_TIME='00:00:00'
HYPRE_VERSION='2.10.0b'
LAPACKLIBDIRS=''
LAPACKLIBS=''
LDFLAGS=''
LIBOBJS=''
LIBS='   -lstdc++ -lm'
LINK_CC='mpixlc'
LINK_CXX='mpiCC'
LINK_F77=''
LTLIBOBJS=''
MPIFLAGS=''
MPIINCLUDE=''
MPILIBDIRS=''
MPILIBS=' '
OBJEXT='o'
PACKAGE_BUGREPORT=''
PACKAGE_NAME=''
PACKAGE_STRING=''
PACKAGE_TARNAME=''
PACKAGE_VERSION=''
PATH_SEPARATOR=':'
PYTHON=''
RANLIB='ranlib'
SET_MAKE=''
SHARED_BUILD_FLAG=''
SHARED_COMPILE_FLAG=''
SHARED_OPTIONS=''
SHARED_SET_SONAME=''
SHELL='/bin/sh'
ac_ct_CC=''
ac_ct_CXX=''
ac_ct_F77=''
bindir='${exec_prefix}/bin'
build='powerpc64le-unknown-linux-gnu'
build_alias=''
build_cpu='powerpc64le'
build_os='linux-gnu'
build_vendor='unknown'
datadir='${datarootdir}'
datarootdir='${prefix}/share'
docdir='${datarootdir}/doc/${PACKAGE_TARNAME}'
dvidir='${docdir}'
exec_prefix='${prefix}'
host='powerpc64le-unknown-linux-gnu'
host_alias=''
host_cpu='powerpc64le'
host_os='linux-gnu'
host_vendor='unknown'
htmldir='${docdir}'
includedir='${prefix}/include'
infodir='${datarootdir}/info'
libdir='${exec_prefix}/lib'
libexecdir='${exec_prefix}/libexec'
localedir='${datarootdir}/locale'
localstatedir='${prefix}/var'
mandir='${datarootdir}/man'
oldincludedir='/usr/include'
pdfdir='${docdir}'
prefix='/g/g0/holger/workspace/CEED/hypre-2.10.0b/src/hypre'
program_transform_name='s,x,x,'
psdir='${docdir}'
sbindir='${exec_prefix}/sbin'
sharedstatedir='${prefix}/com'
subdirs=''
sysconfdir='${prefix}/etc'
target_alias=''

## ----------- ##
## confdefs.h. ##
## ----------- ##

#define PACKAGE_NAME "hypre"
#define PACKAGE_TARNAME "hypre"
#define PACKAGE_VERSION "2.10.0b"
#define PACKAGE_STRING "hypre 2.10.0b"
#define PACKAGE_BUGREPORT ""
#define HYPRE_RELEASE_NAME "hypre"
#define HYPRE_RELEASE_VERSION "2.10.0b"
#define HYPRE_RELEASE_DATE "2015/01/22"
#define HYPRE_RELEASE_TIME "00:00:00"
#define HYPRE_RELEASE_BUGS "hypre-support@llnl.gov"
#define HYPRE_MAXDIM 3
#define HYPRE_FMANGLE 0
#define HYPRE_FMANGLE_BLAS 0
#define HYPRE_FMANGLE_LAPACK 0
#define HYPRE_HAVE_MPI 1
#define HAVE_MPI_COMM_F2C 1
#define HYPRE_HAVE_MPI_COMM_F2C 1
#define HYPRE_NO_GLOBAL_PARTITION 1
#define HYPRE_USING_HYPRE_BLAS 1
#define HYPRE_USING_HYPRE_LAPACK 1
#define HYPRE_LINUX 1

configure: exit 0
